<?xml version="1.0" encoding="UTF-8"?>
<!-- Generated by org.testng.reporters.JUnitReportReporter -->
<testsuite hostname="DESKTOP-SL5RDOV" failures="0" tests="1" name="practice.MavenPractice" time="0.019" errors="0" timestamp="2023-07-07T10:22:11 IST" skipped="0">
  <testcase classname="practice.MavenPractice" name="add" time="0.019"/>
  <system-out/>
</testsuite> <!-- practice.MavenPractice -->
